
time=2024-09-23T15:49:08.978+05:00 level=ERROR msg="pq: relation \"groups\" does not exist"
time=2024-09-23T15:50:26.629+05:00 level=ERROR msg="pq: relation \"groups\" does not exist"
time=2024-09-23T15:50:54.160+05:00 level=ERROR msg="pq: date/time field value out of range: \"22-04-2024\""
time=2024-09-23T16:10:34.566+05:00 level=ERROR msg="pq: column \"deleted_at\" does not exist"
time=2024-09-23T17:14:04.048+05:00 level=ERROR msg="pq: column \"deleted_at\" does not exist"
time=2024-09-23T17:15:32.106+05:00 level=ERROR msg="pq: invalid input syntax for type timestamp: \"17:00\""
time=2024-09-23T17:17:49.984+05:00 level=ERROR msg="pq: invalid input syntax for type timestamp: \"17:00\""
time=2024-09-23T17:21:56.458+05:00 level=ERROR msg="pq: invalid input syntax for type timestamp: \"2024-09-23 17:21:56.458409441 +0500 +05 m=+0.005435611\""
time=2024-09-23T17:34:25.844+05:00 level=ERROR msg="sql: no rows in result set"
time=2024-09-23T17:34:46.930+05:00 level=ERROR msg="sql: no rows in result set"
time=2024-09-23T17:36:12.091+05:00 level=ERROR msg="sql: no rows in result set"
time=2024-09-23T17:38:53.086+05:00 level=ERROR msg="sql: no rows in result set"
time=2024-09-23T17:41:09.381+05:00 level=ERROR msg="pq: syntax error at or near \"=\""
time=2024-09-23T17:42:34.146+05:00 level=ERROR msg="pq: syntax error at or near \"bolalar\""
time=2024-09-23T17:56:41.642+05:00 level=ERROR msg="pq: invalid input syntax for type uuid: \"12548\""
time=2024-09-23T18:01:43.224+05:00 level=ERROR msg="pq: insert or update on table \"student_groups\" violates foreign key constraint \"student_groups_student_hh_id_fkey\""
time=2024-09-23T18:02:53.044+05:00 level=ERROR msg="pq: insert or update on table \"student_groups\" violates foreign key constraint \"student_groups_student_hh_id_fkey\""
time=2024-09-23T18:05:14.530+05:00 level=ERROR msg="pq: insert or update on table \"student_groups\" violates foreign key constraint \"student_groups_group_id_fkey\""
time=2024-09-23T18:07:09.672+05:00 level=ERROR msg="pq: insert or update on table \"student_groups\" violates foreign key constraint \"student_groups_group_id_fkey\""
time=2024-09-23T18:10:24.428+05:00 level=ERROR msg="pq: relation \"user_groups\" does not exist"
time=2024-09-23T18:10:53.197+05:00 level=ERROR msg="pq: invalid input syntax for type timestamp with time zone: \"2024-09-23 18:10:53.197126271 +0500 +05 m=+0.005793028\""
time=2024-09-23T18:17:05.836+05:00 level=ERROR msg="pq: invalid input syntax for type timestamp with time zone: \"2024-09-23 18:17:05.835944817 +0500 +05 m=+0.007457859\""
time=2024-09-23T18:21:38.854+05:00 level=ERROR msg="pq: column g.teacher_id does not exist"
time=2024-09-23T18:27:17.829+05:00 level=ERROR msg="pq: column g.teacher_id does not exist"
time=2024-09-23T18:27:44.028+05:00 level=ERROR msg="pq: missing FROM-clause entry for table \"sg\""
time=2024-09-24T10:04:57.510+05:00 level=ERROR msg="pq: column sg.hh_id does not exist"
time=2024-09-24T10:05:30.717+05:00 level=ERROR msg="pq: column sg.hh_id does not exist"
time=2024-09-24T10:06:04.633+05:00 level=ERROR msg="pq: column reference \"id\" is ambiguous"
time=2024-09-24T10:07:06.805+05:00 level=ERROR msg="pq: column reference \"id\" is ambiguous"
time=2024-09-24T10:08:18.709+05:00 level=ERROR msg="pq: column reference \"id\" is ambiguous"
time=2024-09-24T10:40:44.877+05:00 level=ERROR msg="Error while Registering" error="pq: duplicate key value violates unique constraint \"users_hh_id_key\""
time=2024-09-24T10:41:11.581+05:00 level=ERROR msg="Error while Registering" error="pq: duplicate key value violates unique constraint \"users_hh_id_key\""
time=2024-09-24T10:43:34.061+05:00 level=ERROR msg="Error while Registering" error="pq: duplicate key value violates unique constraint \"users_hh_id_key\""
time=2024-09-24T10:44:16.278+05:00 level=ERROR msg="Error while Registering" error="pq: duplicate key value violates unique constraint \"users_phone_number_key\""
time=2024-09-24T10:45:48.889+05:00 level=ERROR msg="pq: column reference \"id\" is ambiguous"
time=2024-09-24T10:47:06.811+05:00 level=ERROR msg="pq: column u.firstname does not exist"
time=2024-09-24T10:47:21.555+05:00 level=ERROR msg="pq: column u.lastname does not exist"
time=2024-09-24T10:47:37.470+05:00 level=ERROR msg="pq: column u.password does not exist"
